<?xml version="1.0" encoding="UTF-8"?>
<!-- Generated by org.testng.reporters.JUnitReportReporter -->
<testsuite hostname="Chinna" name="com.hrm.hrm.App" tests="1" failures="0" timestamp="7 Mar 2020 10:27:15 GMT" time="20.030" errors="0">
  <testcase name="login" time="20.030" classname="com.hrm.hrm.App"/>
</testsuite> <!-- com.hrm.hrm.App -->
