<?xml version="1.0" encoding="UTF-8"?>
<!-- Generated by org.testng.reporters.JUnitReportReporter -->
<testsuite hostname="Chinna" name="com.hrm.hrm.AppTest" tests="1" failures="0" timestamp="7 Mar 2020 10:27:15 GMT" time="0.016" errors="0">
  <testcase name="testApp" time="0.016" classname="com.hrm.hrm.AppTest"/>
</testsuite> <!-- com.hrm.hrm.AppTest -->
